<?xml version="1.0" encoding="UTF-8"?>
<!-- Generated by org.testng.reporters.JUnitXMLReporter -->
<testsuite ignored="2" hostname="LAPTOP-197KL6J0" failures="0" tests="4" name="Test" time="0.043" errors="0" timestamp="2022-03-28T11:15:59 IST">
  <testcase classname="testNg.week6day2.LearnGroups" name="Testcase1" time="0.006"/>
  <testcase classname="testNg.week6day2.LearnGroups" name="Testcase2" time="0.001"/>
  <testcase classname="testNg.week6day2.LearnGroups" name="Testcase3" time="0.0"/>
  <testcase classname="testNg.week6day2.LearnGroups" name="Testcase6" time="0.002"/>
  <testcase classname="testNg.week6day2.LearnGroups" name="Testcase4" time="0.0">
    <ignored/>
  </testcase> <!-- Testcase4 -->
  <testcase classname="testNg.week6day2.LearnGroups" name="Testcase5" time="0.0">
    <ignored/>
  </testcase> <!-- Testcase5 -->
</testsuite> <!-- Test -->
