<?xml version="1.0" encoding="UTF-8"?>
<testsuite xmlns:xsi="http://www.w3.org/2001/XMLSchema-instance" xsi:noNamespaceSchemaLocation="https://maven.apache.org/surefire/maven-surefire-plugin/xsd/surefire-test-report.xsd" name="TestSuite" time="1.195" tests="10" errors="0" skipped="7" failures="3">
  <properties>
[...]
</properties>
  <testcase name="runCreateLead" classname="leaftapsAutomation.CreateLead" time="0.505">
    <failure message="&#10;Cannot inject @Test annotated Method [runCreateLead] with [class java.lang.String, class java.lang.String, class java.lang.String].&#10;For more information on native dependency injection please refer to https://testng.org/doc/documentation-main.html#native-dependency-injection" type="org.testng.TestNGException">org.testng.TestNGException: 

Cannot inject @Test annotated Method [runCreateLead] with [class java.lang.String, class java.lang.String, class java.lang.String].
For more information on native dependency injection please refer to https://testng.org/doc/documentation-main.html#native-dependency-injection
</failure>
    <system-err><![CDATA[[Utils] [ERROR] [Error] org.testng.TestNGException: 
Cannot inject @Test annotated Method [runCreateLead] with [class java.lang.String, class java.lang.String, class java.lang.String].
For more information on native dependency injection please refer to https://testng.org/doc/documentation-main.html#native-dependency-injection
	at org.testng.internal.Parameters.checkParameterTypes(Parameters.java:439)
	at org.testng.internal.Parameters.createParametersForMethod(Parameters.java:353)
	at org.testng.internal.Parameters.createParameters(Parameters.java:708)
	at org.testng.internal.Parameters.handleParameters(Parameters.java:884)
	at org.testng.internal.Parameters.handleParameters(Parameters.java:740)
	at org.testng.internal.ParameterHandler.handleParameters(ParameterHandler.java:59)
	at org.testng.internal.ParameterHandler.createParameters(ParameterHandler.java:38)
	at org.testng.internal.TestInvoker$MethodInvocationAgent.invoke(TestInvoker.java:791)
	at org.testng.internal.TestInvoker.invokeTestMethods(TestInvoker.java:146)
	at org.testng.internal.TestMethodWorker.invokeTestMethods(TestMethodWorker.java:146)
	at org.testng.internal.TestMethodWorker.run(TestMethodWorker.java:128)
	at java.base/java.util.ArrayList.forEach(ArrayList.java:1541)
	at org.testng.TestRunner.privateRun(TestRunner.java:794)
	at org.testng.TestRunner.run(TestRunner.java:596)
	at org.testng.SuiteRunner.runTest(SuiteRunner.java:377)
	at org.testng.SuiteRunner.runSequentially(SuiteRunner.java:371)
	at org.testng.SuiteRunner.privateRun(SuiteRunner.java:332)
	at org.testng.SuiteRunner.run(SuiteRunner.java:276)
	at org.testng.SuiteRunnerWorker.runSuite(SuiteRunnerWorker.java:53)
	at org.testng.SuiteRunnerWorker.run(SuiteRunnerWorker.java:96)
	at org.testng.TestNG.runSuitesSequentially(TestNG.java:1212)
	at org.testng.TestNG.runSuitesLocally(TestNG.java:1134)
	at org.testng.TestNG.runSuites(TestNG.java:1063)
	at org.testng.TestNG.run(TestNG.java:1031)
	at org.apache.maven.surefire.testng.TestNGExecutor.run(TestNGExecutor.java:283)
	at org.apache.maven.surefire.testng.TestNGXmlTestSuite.execute(TestNGXmlTestSuite.java:75)
	at org.apache.maven.surefire.testng.TestNGProvider.invoke(TestNGProvider.java:120)
	at org.apache.maven.surefire.booter.ForkedBooter.invokeProviderInSameClassLoader(ForkedBooter.java:383)
	at org.apache.maven.surefire.booter.ForkedBooter.runSuitesInProcess(ForkedBooter.java:344)
	at org.apache.maven.surefire.booter.ForkedBooter.execute(ForkedBooter.java:125)
	at org.apache.maven.surefire.booter.ForkedBooter.main(ForkedBooter.java:417)

]]></system-err>
  </testcase>
  <testcase name="crmLogin" classname="leaftapsAutomation.EditLead" time="1.061">
    <failure message="&#10;Parameter &apos;username&apos; is required by BeforeMethod on method crmLogin but has not been marked @Optional or defined&#10;in C:\Users\Lenovo\eclipse-workspace\LearnSelenium\testng.xml" type="org.testng.TestNGException">org.testng.TestNGException: 

Parameter 'username' is required by BeforeMethod on method crmLogin but has not been marked @Optional or defined
in C:\Users\Lenovo\eclipse-workspace\LearnSelenium\testng.xml
</failure>
    <system-out><![CDATA[13365
13377
 
13460
accountlimit100
 
]]></system-out>
  </testcase>
  <testcase name="crmLogin" classname="leaftapsAutomation.EditLead" time="0">
    <skipped/>
  </testcase>
  <testcase name="runEditLead" classname="leaftapsAutomation.EditLead" time="0">
    <skipped message="&#10;Parameter &apos;username&apos; is required by BeforeMethod on method crmLogin but has not been marked @Optional or defined&#10;in C:\Users\Lenovo\eclipse-workspace\LearnSelenium\testng.xml"/>
  </testcase>
  <testcase name="runEditLead" classname="leaftapsAutomation.EditLead" time="0">
    <skipped message="&#10;Parameter &apos;username&apos; is required by BeforeMethod on method crmLogin but has not been marked @Optional or defined&#10;in C:\Users\Lenovo\eclipse-workspace\LearnSelenium\testng.xml"/>
  </testcase>
  <testcase name="closeBrowser" classname="leaftapsAutomation.EditLead" time="0">
    <skipped/>
  </testcase>
  <testcase name="closeBrowser" classname="leaftapsAutomation.EditLead" time="0">
    <skipped/>
  </testcase>
  <testcase name="crmLogin" classname="leaftapsAutomation.DeleteLead" time="0">
    <failure message="&#10;Parameter &apos;username&apos; is required by BeforeMethod on method crmLogin but has not been marked @Optional or defined&#10;in C:\Users\Lenovo\eclipse-workspace\LearnSelenium\testng.xml" type="org.testng.TestNGException">org.testng.TestNGException: 

Parameter 'username' is required by BeforeMethod on method crmLogin but has not been marked @Optional or defined
in C:\Users\Lenovo\eclipse-workspace\LearnSelenium\testng.xml
</failure>
  </testcase>
  <testcase name="runDeleteLead" classname="leaftapsAutomation.DeleteLead" time="0">
    <skipped message="&#10;Parameter &apos;username&apos; is required by BeforeMethod on method crmLogin but has not been marked @Optional or defined&#10;in C:\Users\Lenovo\eclipse-workspace\LearnSelenium\testng.xml"/>
  </testcase>
  <testcase name="closeBrowser" classname="leaftapsAutomation.DeleteLead" time="0">
    <skipped/>
  </testcase>
</testsuite>